[0m16:24:37.574053 [debug] [MainThread]: Sending event: {'category': 'dbt', 'action': 'invocation', 'label': 'start', 'context': [<snowplow_tracker.self_describing_json.SelfDescribingJson object at 0x7fe8e216d7f0>, <snowplow_tracker.self_describing_json.SelfDescribingJson object at 0x7fe8e2a03380>, <snowplow_tracker.self_describing_json.SelfDescribingJson object at 0x7fe8e236eb70>]}


============================== 16:24:37.633864 | 9d3fa09e-188a-4bbc-9226-bc0562aa9d5d ==============================
[0m16:24:37.633864 [info ] [MainThread]: Running with dbt=1.10.10
[0m16:24:37.634767 [debug] [MainThread]: running dbt with arguments {'use_experimental_parser': 'False', 'write_json': 'True', 'invocation_command': 'dbt init', 'profiles_dir': '/home/adigun/.dbt', 'use_colors': 'True', 'debug': 'False', 'target_path': 'None', 'log_path': 'logs', 'cache_selected_only': 'False', 'log_format': 'default', 'quiet': 'False', 'warn_error_options': 'WarnErrorOptionsV2(error=[], warn=[], silence=[])', 'version_check': 'True', 'indirect_selection': 'eager', 'no_print': 'None', 'printer_width': '80', 'send_anonymous_usage_stats': 'True', 'static_parser': 'True', 'introspect': 'True', 'warn_error': 'None', 'empty': 'None', 'log_cache_events': 'False', 'partial_parse': 'True', 'fail_fast': 'False'}
[0m16:24:37.695750 [info ] [MainThread]: Creating dbt configuration folder at /home/adigun/.dbt
[0m16:24:59.821516 [debug] [MainThread]: Starter project path: /home/adigun/Data-Engineering-With-DBT/.venv/lib/python3.12/site-packages/dbt/include/starter_project
[0m16:24:59.825017 [info ] [MainThread]: 
Your new dbt project "q" was created!

For more information on how to configure the profiles.yml file,
please consult the dbt documentation here:

  https://docs.getdbt.com/docs/configure-your-profile

One more thing:

Need help? Don't hesitate to reach out to us via GitHub issues or on Slack:

  https://community.getdbt.com/

Happy modeling!

[0m16:24:59.825559 [info ] [MainThread]: Setting up your profile.
[0m16:25:15.987932 [info ] [MainThread]: Profile q written to /home/adigun/.dbt/profiles.yml using target's sample configuration. Once updated, you'll be able to start developing with dbt.
[0m16:25:15.989369 [debug] [MainThread]: Resource report: {"command_name": "init", "command_success": true, "command_wall_clock_time": 35.564125, "process_in_blocks": "832", "process_kernel_time": 0.726518, "process_mem_max_rss": "126972", "process_out_blocks": "32448", "process_user_time": 4.224185}
[0m16:25:15.990101 [debug] [MainThread]: Command `dbt init` succeeded at 16:25:15.989946 after 35.57 seconds
[0m16:25:15.990594 [debug] [MainThread]: Sending event: {'category': 'dbt', 'action': 'invocation', 'label': 'end', 'context': [<snowplow_tracker.self_describing_json.SelfDescribingJson object at 0x7fe8e2373bc0>, <snowplow_tracker.self_describing_json.SelfDescribingJson object at 0x7fe8e1dfa870>, <snowplow_tracker.self_describing_json.SelfDescribingJson object at 0x7fe8e2982570>]}
[0m16:25:15.991108 [debug] [MainThread]: Flushing usage events
[0m16:25:16.551737 [debug] [MainThread]: An error was encountered while trying to flush usage events
